<?xml version="1.0" encoding="UTF-8"?>
<!-- Generated by org.testng.reporters.JUnitReportReporter -->
<testsuite hostname="DESKTOP-IKHEAKC" failures="0" tests="1" name="selenium.Demo.Demo3" time="0.026" errors="0" timestamp="2025-03-29T15:30:42 IST" skipped="0">
  <testcase classname="selenium.Demo.Demo3" name="method" time="0.026"/>
</testsuite> <!-- selenium.Demo.Demo3 -->
