<?xml version="1.0" encoding="UTF-8"?>
<!-- Generated by org.testng.reporters.JUnitReportReporter -->
<testsuite hostname="DESKTOP-IKHEAKC" failures="0" tests="1" name="selenium.Demo.Demo" time="0.026" errors="0" timestamp="2025-03-29T14:06:06 IST" skipped="0">
  <testcase classname="selenium.Demo.Demo" name="method" time="0.026"/>
</testsuite> <!-- selenium.Demo.Demo -->
